<?xml version="1.0" encoding="UTF-8"?>
<coverage generated="1636678100531" clover="3.2.0">
  <project timestamp="1636678100531" name="All files">
    <metrics statements="27" coveredstatements="27" conditionals="25" coveredconditionals="22" methods="4" coveredmethods="4" elements="56" coveredelements="53" complexity="0" loc="27" ncloc="27" packages="1" files="1" classes="1"/>
    <file name="Atividade Avaliativa.js" path="C:\Users\mvbra\Desktop\Atividade Avaliativa\lib\Atividade Avaliativa.js">
      <metrics statements="27" coveredstatements="27" conditionals="25" coveredconditionals="22" methods="4" coveredmethods="4"/>
      <line num="2" count="1" type="stmt"/>
      <line num="3" count="5" type="cond" truecount="2" falsecount="0"/>
      <line num="4" count="3" type="stmt"/>
      <line num="8" count="1" type="stmt"/>
      <line num="10" count="5" type="stmt"/>
      <line num="12" count="5" type="cond" truecount="4" falsecount="0"/>
      <line num="14" count="2" type="cond" truecount="1" falsecount="1"/>
      <line num="16" count="2" type="cond" truecount="2" falsecount="0"/>
      <line num="17" count="1" type="stmt"/>
      <line num="22" count="3" type="stmt"/>
      <line num="23" count="3" type="stmt"/>
      <line num="28" count="1" type="stmt"/>
      <line num="30" count="5" type="stmt"/>
      <line num="32" count="5" type="cond" truecount="4" falsecount="0"/>
      <line num="33" count="1" type="stmt"/>
      <line num="35" count="1" type="cond" truecount="1" falsecount="1"/>
      <line num="37" count="1" type="cond" truecount="1" falsecount="1"/>
      <line num="38" count="1" type="stmt"/>
      <line num="43" count="4" type="stmt"/>
      <line num="44" count="4" type="stmt"/>
      <line num="49" count="1" type="stmt"/>
      <line num="51" count="5" type="cond" truecount="2" falsecount="0"/>
      <line num="53" count="2" type="cond" truecount="5" falsecount="0"/>
      <line num="54" count="1" type="stmt"/>
      <line num="59" count="3" type="stmt"/>
      <line num="60" count="3" type="stmt"/>
      <line num="65" count="1" type="stmt"/>
    </file>
  </project>
</coverage>
