<?xml version="1.0" encoding="UTF-8"?>
<coverage generated="1636675946028" clover="3.2.0">
  <project timestamp="1636675946028" name="All files">
    <metrics statements="13" coveredstatements="13" conditionals="10" coveredconditionals="9" methods="2" coveredmethods="2" elements="25" coveredelements="24" complexity="0" loc="13" ncloc="13" packages="1" files="1" classes="1"/>
    <file name="Atividade Avaliativa.js" path="C:\Users\mvbra\Desktop\Atividade Avaliativa\lib\Atividade Avaliativa.js">
      <metrics statements="13" coveredstatements="13" conditionals="10" coveredconditionals="9" methods="2" coveredmethods="2"/>
      <line num="2" count="1" type="stmt"/>
      <line num="3" count="5" type="cond" truecount="2" falsecount="0"/>
      <line num="4" count="3" type="stmt"/>
      <line num="8" count="1" type="stmt"/>
      <line num="10" count="5" type="stmt"/>
      <line num="12" count="5" type="cond" truecount="4" falsecount="0"/>
      <line num="13" count="2" type="stmt"/>
      <line num="14" count="2" type="cond" truecount="1" falsecount="1"/>
      <line num="16" count="2" type="cond" truecount="2" falsecount="0"/>
      <line num="17" count="1" type="stmt"/>
      <line num="22" count="3" type="stmt"/>
      <line num="23" count="3" type="stmt"/>
      <line num="28" count="1" type="stmt"/>
    </file>
  </project>
</coverage>
