{"C:\\Users\\mvbra\\Desktop\\Atividade Avaliativa\\lib\\Atividade Avaliativa.js": {"path":"C:\\Users\\mvbra\\Desktop\\Atividade Avaliativa\\lib\\Atividade Avaliativa.js","statementMap":{"0":{"start":{"line":2,"column":24},"end":{"line":6,"column":1}},"1":{"start":{"line":3,"column":4},"end":{"line":5,"column":5}},"2":{"start":{"line":4,"column":8},"end":{"line":4,"column":21}},"3":{"start":{"line":8,"column":44},"end":{"line":26,"column":1}},"4":{"start":{"line":10,"column":15},"end":{"line":10,"column":25}},"5":{"start":{"line":12,"column":4},"end":{"line":24,"column":5}},"6":{"start":{"line":14,"column":8},"end":{"line":19,"column":9}},"7":{"start":{"line":16,"column":12},"end":{"line":18,"column":13}},"8":{"start":{"line":17,"column":16},"end":{"line":17,"column":29}},"9":{"start":{"line":22,"column":8},"end":{"line":22,"column":40}},"10":{"start":{"line":23,"column":8},"end":{"line":23,"column":21}},"11":{"start":{"line":28,"column":49},"end":{"line":47,"column":1}},"12":{"start":{"line":30,"column":15},"end":{"line":30,"column":25}},"13":{"start":{"line":32,"column":4},"end":{"line":45,"column":5}},"14":{"start":{"line":33,"column":8},"end":{"line":33,"column":38}},"15":{"start":{"line":35,"column":8},"end":{"line":40,"column":9}},"16":{"start":{"line":37,"column":12},"end":{"line":39,"column":13}},"17":{"start":{"line":38,"column":16},"end":{"line":38,"column":29}},"18":{"start":{"line":43,"column":8},"end":{"line":43,"column":45}},"19":{"start":{"line":44,"column":8},"end":{"line":44,"column":21}},"20":{"start":{"line":49,"column":34},"end":{"line":63,"column":1}},"21":{"start":{"line":51,"column":4},"end":{"line":61,"column":5}},"22":{"start":{"line":53,"column":8},"end":{"line":55,"column":9}},"23":{"start":{"line":54,"column":12},"end":{"line":54,"column":25}},"24":{"start":{"line":59,"column":8},"end":{"line":59,"column":45}},"25":{"start":{"line":60,"column":8},"end":{"line":60,"column":21}},"26":{"start":{"line":65,"column":0},"end":{"line":65,"column":137}}},"fnMap":{"0":{"name":"(anonymous_0)","decl":{"start":{"line":2,"column":24},"end":{"line":2,"column":25}},"loc":{"start":{"line":2,"column":35},"end":{"line":6,"column":1}},"line":2},"1":{"name":"(anonymous_1)","decl":{"start":{"line":8,"column":44},"end":{"line":8,"column":45}},"loc":{"start":{"line":8,"column":55},"end":{"line":26,"column":1}},"line":8},"2":{"name":"(anonymous_2)","decl":{"start":{"line":28,"column":49},"end":{"line":28,"column":50}},"loc":{"start":{"line":28,"column":60},"end":{"line":47,"column":1}},"line":28},"3":{"name":"(anonymous_3)","decl":{"start":{"line":49,"column":34},"end":{"line":49,"column":35}},"loc":{"start":{"line":49,"column":45},"end":{"line":63,"column":1}},"line":49}},"branchMap":{"0":{"loc":{"start":{"line":3,"column":4},"end":{"line":5,"column":5}},"type":"if","locations":[{"start":{"line":3,"column":4},"end":{"line":5,"column":5}},{"start":{},"end":{}}],"line":3},"1":{"loc":{"start":{"line":12,"column":4},"end":{"line":24,"column":5}},"type":"if","locations":[{"start":{"line":12,"column":4},"end":{"line":24,"column":5}},{"start":{"line":21,"column":8},"end":{"line":24,"column":5}}],"line":12},"2":{"loc":{"start":{"line":12,"column":7},"end":{"line":12,"column":49}},"type":"binary-expr","locations":[{"start":{"line":12,"column":7},"end":{"line":12,"column":26}},{"start":{"line":12,"column":30},"end":{"line":12,"column":49}}],"line":12},"3":{"loc":{"start":{"line":14,"column":8},"end":{"line":19,"column":9}},"type":"if","locations":[{"start":{"line":14,"column":8},"end":{"line":19,"column":9}},{"start":{},"end":{}}],"line":14},"4":{"loc":{"start":{"line":16,"column":12},"end":{"line":18,"column":13}},"type":"if","locations":[{"start":{"line":16,"column":12},"end":{"line":18,"column":13}},{"start":{},"end":{}}],"line":16},"5":{"loc":{"start":{"line":32,"column":4},"end":{"line":45,"column":5}},"type":"if","locations":[{"start":{"line":32,"column":4},"end":{"line":45,"column":5}},{"start":{"line":42,"column":8},"end":{"line":45,"column":5}}],"line":32},"6":{"loc":{"start":{"line":32,"column":7},"end":{"line":32,"column":49}},"type":"binary-expr","locations":[{"start":{"line":32,"column":7},"end":{"line":32,"column":26}},{"start":{"line":32,"column":30},"end":{"line":32,"column":49}}],"line":32},"7":{"loc":{"start":{"line":35,"column":8},"end":{"line":40,"column":9}},"type":"if","locations":[{"start":{"line":35,"column":8},"end":{"line":40,"column":9}},{"start":{},"end":{}}],"line":35},"8":{"loc":{"start":{"line":37,"column":12},"end":{"line":39,"column":13}},"type":"if","locations":[{"start":{"line":37,"column":12},"end":{"line":39,"column":13}},{"start":{},"end":{}}],"line":37},"9":{"loc":{"start":{"line":51,"column":4},"end":{"line":61,"column":5}},"type":"if","locations":[{"start":{"line":51,"column":4},"end":{"line":61,"column":5}},{"start":{"line":58,"column":8},"end":{"line":61,"column":5}}],"line":51},"10":{"loc":{"start":{"line":53,"column":8},"end":{"line":55,"column":9}},"type":"if","locations":[{"start":{"line":53,"column":8},"end":{"line":55,"column":9}},{"start":{},"end":{}}],"line":53},"11":{"loc":{"start":{"line":53,"column":11},"end":{"line":53,"column":137}},"type":"binary-expr","locations":[{"start":{"line":53,"column":11},"end":{"line":53,"column":44}},{"start":{"line":53,"column":48},"end":{"line":53,"column":92}},{"start":{"line":53,"column":96},"end":{"line":53,"column":137}}],"line":53}},"s":{"0":1,"1":5,"2":3,"3":1,"4":5,"5":5,"6":2,"7":2,"8":1,"9":3,"10":3,"11":1,"12":5,"13":5,"14":1,"15":1,"16":1,"17":1,"18":4,"19":4,"20":1,"21":5,"22":2,"23":1,"24":3,"25":3,"26":1},"f":{"0":5,"1":5,"2":5,"3":5},"b":{"0":[3,2],"1":[2,3],"2":[5,3],"3":[2,0],"4":[1,1],"5":[1,4],"6":[5,1],"7":[1,0],"8":[1,0],"9":[2,3],"10":[1,1],"11":[2,1,1]},"_coverageSchema":"1a1c01bbd47fc00a2c39e90264f33305004495a9","hash":"7a660496f16a1847bc0a6001d821b6737710fbe1"}
}
