TN:
SF:lib\Atividade Avaliativa.js
FN:2,(anonymous_0)
FN:8,(anonymous_1)
FN:28,(anonymous_2)
FN:49,FiltroMaior4000eRegiaoSul
FNF:4
FNH:4
FNDA:5,(anonymous_0)
FNDA:5,(anonymous_1)
FNDA:5,(anonymous_2)
FNDA:5,FiltroMaior4000eRegiaoSul
DA:2,1
DA:3,5
DA:4,3
DA:8,1
DA:10,5
DA:12,5
DA:14,2
DA:16,2
DA:17,1
DA:22,3
DA:23,3
DA:28,1
DA:30,5
DA:32,5
DA:33,1
DA:35,1
DA:37,1
DA:38,1
DA:43,4
DA:44,4
DA:51,5
DA:53,2
DA:54,1
DA:59,3
DA:60,3
DA:65,1
LF:26
LH:26
BRDA:3,0,0,3
BRDA:3,0,1,2
BRDA:12,1,0,2
BRDA:12,1,1,3
BRDA:12,2,0,5
BRDA:12,2,1,3
BRDA:14,3,0,2
BRDA:14,3,1,0
BRDA:16,4,0,1
BRDA:16,4,1,1
BRDA:32,5,0,1
BRDA:32,5,1,4
BRDA:32,6,0,5
BRDA:32,6,1,1
BRDA:35,7,0,1
BRDA:35,7,1,0
BRDA:37,8,0,1
BRDA:37,8,1,0
BRDA:51,9,0,2
BRDA:51,9,1,3
BRDA:53,10,0,1
BRDA:53,10,1,1
BRDA:53,11,0,2
BRDA:53,11,1,1
BRDA:53,11,2,1
BRF:25
BRH:22
end_of_record
